[
  {
    "timestamp": "2026-06-06T12:39:26.269Z",
    "type": "error",
    "message": "❌ Script failed: browserType.launch: Executable doesn't exist at /Users/barakf/Library/Caches/ms-playwright/chromium_headless_shell-1155/chrome-mac/headless_shell\n╔═════════════════════════════════════════════════════════════════════════╗\n║ Looks like Playwright Test or Playwright was just installed or updated. ║\n║ Please run the following command to download new browsers:              ║\n║                                                                         ║\n║     npx playwright install                                              ║\n║                                                                         ║\n║ <3 Playwright Team                                                      ║\n╚═════════════════════════════════════════════════════════════════════════╝"
  },
  {
    "timestamp": "2026-06-06T12:39:26.258Z",
    "type": "info",
    "message": "📥 Downloading expenses for Barak"
  },
  {
    "timestamp": "2026-06-06T12:39:25.816Z",
    "type": "info",
    "message": "🚀 Starting YNAB automation script"
  },
  {
    "timestamp": "2026-06-06T11:47:24.621Z",
    "type": "info",
    "message": "📁 Processing uploaded files"
  },
  {
    "timestamp": "2026-06-06T11:28:37.978Z",
    "type": "info",
    "message": "📁 Processing uploaded files"
  },
  {
    "timestamp": "2026-06-06T11:25:40.673Z",
    "type": "info",
    "message": "Server started on port 3000"
  },
  {
    "timestamp": "2025-11-03T20:38:17.095Z",
    "type": "info",
    "message": "📁 Processing uploaded files"
  },
  {
    "timestamp": "2025-11-03T20:37:52.252Z",
    "type": "success",
    "message": "🎉 Script completed successfully"
  },
  {
    "timestamp": "2025-11-03T20:37:52.249Z",
    "type": "success",
    "message": "✅ Adi expenses processed and uploaded"
  },
  {
    "timestamp": "2025-11-03T20:37:51.108Z",
    "type": "info",
    "message": "🔄 Processing Adi expenses"
  },
  {
    "timestamp": "2025-11-03T20:37:51.108Z",
    "type": "success",
    "message": "✅ Adi expenses downloaded"
  },
  {
    "timestamp": "2025-11-03T20:37:20.647Z",
    "type": "info",
    "message": "📥 Downloading expenses for Adi"
  },
  {
    "timestamp": "2025-11-03T20:37:20.646Z",
    "type": "success",
    "message": "✅ Barak expenses processed and uploaded"
  },
  {
    "timestamp": "2025-11-03T20:37:18.219Z",
    "type": "info",
    "message": "🔄 Processing Barak expenses"
  },
  {
    "timestamp": "2025-11-03T20:37:18.219Z",
    "type": "success",
    "message": "✅ Barak expenses downloaded"
  },
  {
    "timestamp": "2025-11-03T20:36:43.789Z",
    "type": "info",
    "message": "📥 Downloading expenses for Barak"
  },
  {
    "timestamp": "2025-11-03T20:36:42.768Z",
    "type": "info",
    "message": "🚀 Starting YNAB automation script"
  },
  {
    "timestamp": "2025-11-03T20:10:05.899Z",
    "type": "info",
    "message": "📁 Processing uploaded files"
  },
  {
    "timestamp": "2025-11-03T20:09:46.323Z",
    "type": "info",
    "message": "Server started on port 3000"
  },
  {
    "timestamp": "2025-11-03T20:07:20.877Z",
    "type": "info",
    "message": "📁 Processing uploaded files"
  },
  {
    "timestamp": "2025-11-03T20:06:53.527Z",
    "type": "info",
    "message": "📁 Processing uploaded files"
  },
  {
    "timestamp": "2025-11-03T20:05:19.752Z",
    "type": "info",
    "message": "📁 Processing uploaded files"
  },
  {
    "timestamp": "2025-11-03T20:01:02.713Z",
    "type": "info",
    "message": "Server started on port 3000"
  },
  {
    "timestamp": "2025-10-09T05:18:51.314Z",
    "type": "info",
    "message": "Server started on port 3000"
  },
  {
    "timestamp": "2025-10-08T17:22:58.418Z",
    "type": "info",
    "message": "📁 Processing uploaded files"
  },
  {
    "timestamp": "2025-10-08T17:03:44.940Z",
    "type": "info",
    "message": "📁 Processing uploaded files"
  },
  {
    "timestamp": "2025-10-08T17:02:46.607Z",
    "type": "info",
    "message": "📁 Processing uploaded files"
  },
  {
    "timestamp": "2025-10-08T17:01:45.546Z",
    "type": "info",
    "message": "📁 Processing uploaded files"
  },
  {
    "timestamp": "2025-10-08T17:01:28.543Z",
    "type": "info",
    "message": "Server started on port 3000"
  },
  {
    "timestamp": "2025-10-08T16:59:08.093Z",
    "type": "info",
    "message": "📁 Processing uploaded files"
  },
  {
    "timestamp": "2025-10-08T16:58:52.703Z",
    "type": "info",
    "message": "📁 Processing uploaded files"
  },
  {
    "timestamp": "2025-10-08T16:56:00.041Z",
    "type": "info",
    "message": "📁 Processing uploaded files"
  },
  {
    "timestamp": "2025-10-08T16:55:44.865Z",
    "type": "info",
    "message": "📁 Processing uploaded files"
  },
  {
    "timestamp": "2025-10-08T16:55:12.365Z",
    "type": "info",
    "message": "Server started on port 3000"
  },
  {
    "timestamp": "2025-10-08T16:53:50.531Z",
    "type": "info",
    "message": "📁 Processing uploaded files"
  },
  {
    "timestamp": "2025-10-08T16:53:00.478Z",
    "type": "info",
    "message": "Server started on port 3000"
  },
  {
    "timestamp": "2025-10-08T16:51:41.708Z",
    "type": "info",
    "message": "Server started on port 3000"
  },
  {
    "timestamp": "2025-10-08T16:50:12.351Z",
    "type": "info",
    "message": "📁 Processing uploaded files"
  },
  {
    "timestamp": "2025-10-08T16:49:14.136Z",
    "type": "info",
    "message": "📁 Processing uploaded files"
  },
  {
    "timestamp": "2025-10-08T16:45:58.263Z",
    "type": "info",
    "message": "Server started on port 3000"
  },
  {
    "timestamp": "2025-10-08T16:45:20.199Z",
    "type": "info",
    "message": "Server started on port 3000"
  }
]